000 (896562.000.000) 07/28 16:54:20 Job submitted from host: <192.170.227.195:58690>
    DAG Node: D
...
001 (896562.000.000) 07/28 16:54:33 Job executing on host: <192.168.1.127:52698?CCBID=129.79.53.179:9859#158726&noUDP>
...
006 (896562.000.000) 07/28 16:54:38 Image size of job updated: 2160188
	0  -  MemoryUsage of job (MB)
	0  -  ResidentSetSize of job (KB)
...
005 (896562.000.000) 07/28 16:54:40 Job terminated.
	(1) Normal termination (return value 0)
		Usr 0 00:00:03, Sys 0 00:00:00  -  Run Remote Usage
		Usr 0 00:00:00, Sys 0 00:00:00  -  Run Local Usage
		Usr 0 00:00:03, Sys 0 00:00:00  -  Total Remote Usage
		Usr 0 00:00:00, Sys 0 00:00:00  -  Total Local Usage
	6358  -  Run Bytes Sent By Job
	30550372  -  Run Bytes Received By Job
	6358  -  Total Bytes Sent By Job
	30550372  -  Total Bytes Received By Job
	Partitionable Resources :    Usage  Request Allocated
	   Cpus                 :                 1         1
	   Disk (KB)            :    30000    30000 906454860
	   Memory (MB)          :        0        1      4000
...
