000 (896559.000.000) 07/28 16:51:44 Job submitted from host: <192.170.227.195:58690>
    DAG Node: A
...
001 (896559.000.000) 07/28 16:53:16 Job executing on host: <192.168.1.127:52698?CCBID=129.79.53.179:9859#158726&noUDP>
...
005 (896559.000.000) 07/28 16:53:24 Job terminated.
	(1) Normal termination (return value 0)
		Usr 0 00:00:01, Sys 0 00:00:00  -  Run Remote Usage
		Usr 0 00:00:00, Sys 0 00:00:00  -  Run Local Usage
		Usr 0 00:00:01, Sys 0 00:00:00  -  Total Remote Usage
		Usr 0 00:00:00, Sys 0 00:00:00  -  Total Local Usage
	6357  -  Run Bytes Sent By Job
	30550064  -  Run Bytes Received By Job
	6357  -  Total Bytes Sent By Job
	30550064  -  Total Bytes Received By Job
	Partitionable Resources :    Usage  Request Allocated
	   Cpus                 :                 1         1
	   Disk (KB)            :    30000    30000 906454860
	   Memory (MB)          :        0        1      4000
...
000 (896560.000.000) 07/28 16:53:34 Job submitted from host: <192.170.227.195:58690>
    DAG Node: B
...
000 (896561.000.000) 07/28 16:53:35 Job submitted from host: <192.170.227.195:58690>
    DAG Node: C
...
001 (896560.000.000) 07/28 16:53:48 Job executing on host: <192.168.1.127:52698?CCBID=129.79.53.179:9859#158726&noUDP>
...
005 (896560.000.000) 07/28 16:53:54 Job terminated.
	(1) Normal termination (return value 0)
		Usr 0 00:00:01, Sys 0 00:00:00  -  Run Remote Usage
		Usr 0 00:00:00, Sys 0 00:00:00  -  Run Local Usage
		Usr 0 00:00:01, Sys 0 00:00:00  -  Total Remote Usage
		Usr 0 00:00:00, Sys 0 00:00:00  -  Total Local Usage
	6357  -  Run Bytes Sent By Job
	30550174  -  Run Bytes Received By Job
	6357  -  Total Bytes Sent By Job
	30550174  -  Total Bytes Received By Job
	Partitionable Resources :    Usage  Request Allocated
	   Cpus                 :                 1         1
	   Disk (KB)            :    30000    30000 906454860
	   Memory (MB)          :        0        1      4000
...
001 (896561.000.000) 07/28 16:54:06 Job executing on host: <192.168.1.127:52698?CCBID=129.79.53.179:9859#158726&noUDP>
...
005 (896561.000.000) 07/28 16:54:14 Job terminated.
	(1) Normal termination (return value 0)
		Usr 0 00:00:00, Sys 0 00:00:00  -  Run Remote Usage
		Usr 0 00:00:00, Sys 0 00:00:00  -  Run Local Usage
		Usr 0 00:00:00, Sys 0 00:00:00  -  Total Remote Usage
		Usr 0 00:00:00, Sys 0 00:00:00  -  Total Local Usage
	6357  -  Run Bytes Sent By Job
	30550158  -  Run Bytes Received By Job
	6357  -  Total Bytes Sent By Job
	30550158  -  Total Bytes Received By Job
	Partitionable Resources :    Usage  Request Allocated
	   Cpus                 :                 1         1
	   Disk (KB)            :    30000    30000 906454860
	   Memory (MB)          :        0        1      4000
...
000 (896562.000.000) 07/28 16:54:20 Job submitted from host: <192.170.227.195:58690>
    DAG Node: D
...
001 (896562.000.000) 07/28 16:54:33 Job executing on host: <192.168.1.127:52698?CCBID=129.79.53.179:9859#158726&noUDP>
...
005 (896562.000.000) 07/28 16:54:40 Job terminated.
	(1) Normal termination (return value 0)
		Usr 0 00:00:03, Sys 0 00:00:00  -  Run Remote Usage
		Usr 0 00:00:00, Sys 0 00:00:00  -  Run Local Usage
		Usr 0 00:00:03, Sys 0 00:00:00  -  Total Remote Usage
		Usr 0 00:00:00, Sys 0 00:00:00  -  Total Local Usage
	6358  -  Run Bytes Sent By Job
	30550372  -  Run Bytes Received By Job
	6358  -  Total Bytes Sent By Job
	30550372  -  Total Bytes Received By Job
	Partitionable Resources :    Usage  Request Allocated
	   Cpus                 :                 1         1
	   Disk (KB)            :    30000    30000 906454860
	   Memory (MB)          :        0        1      4000
...
