07/28/14 16:51:31 ******************************************************
07/28/14 16:51:31 ** condor_scheduniv_exec.896558.0 (CONDOR_DAGMAN) STARTING UP
07/28/14 16:51:31 ** /usr/bin/condor_dagman
07/28/14 16:51:31 ** SubsystemInfo: name=DAGMAN type=DAGMAN(10) class=DAEMON(1)
07/28/14 16:51:31 ** Configuration: subsystem:DAGMAN local:<NONE> class:DAEMON
07/28/14 16:51:31 ** $CondorVersion: 8.0.2 Aug 26 2013 $
07/28/14 16:51:31 ** $CondorPlatform: X86_64-CentOS_6.4 $
07/28/14 16:51:31 ** PID = 3855
07/28/14 16:51:31 ** Log last touched time unavailable (No such file or directory)
07/28/14 16:51:31 ******************************************************
07/28/14 16:51:31 Using config source: /etc/condor/condor_config
07/28/14 16:51:31 Using local config sources: 
07/28/14 16:51:31    /etc/condor/config.d/10-base.conf
07/28/14 16:51:31    /etc/condor/config.d/20-daemon.conf
07/28/14 16:51:31    /etc/condor/config.d/30-flocking.conf
07/28/14 16:51:31    /etc/condor/config.d/99-gratia.conf
07/28/14 16:51:31    /etc/condor/config.d/9z_bosco.conf
07/28/14 16:51:31 DaemonCore: command socket at <192.170.227.195:46158>
07/28/14 16:51:31 DaemonCore: private command socket at <192.170.227.195:46158>
07/28/14 16:51:31 DAGMAN_USE_STRICT setting: 1
07/28/14 16:51:31 DAGMAN_VERBOSITY setting: 3
07/28/14 16:51:31 DAGMAN_DEBUG_CACHE_SIZE setting: 5242880
07/28/14 16:51:31 DAGMAN_DEBUG_CACHE_ENABLE setting: False
07/28/14 16:51:31 DAGMAN_SUBMIT_DELAY setting: 0
07/28/14 16:51:31 DAGMAN_MAX_SUBMIT_ATTEMPTS setting: 6
07/28/14 16:51:31 DAGMAN_STARTUP_CYCLE_DETECT setting: False
07/28/14 16:51:31 DAGMAN_MAX_SUBMITS_PER_INTERVAL setting: 5
07/28/14 16:51:31 DAGMAN_USER_LOG_SCAN_INTERVAL setting: 5
07/28/14 16:51:31 DAGMAN_DEFAULT_PRIORITY setting: 0
07/28/14 16:51:31 DAGMAN_ALWAYS_USE_NODE_LOG setting: True
07/28/14 16:51:31 DAGMAN_SUPPRESS_NOTIFICATION setting: True
07/28/14 16:51:31 allow_events (DAGMAN_IGNORE_DUPLICATE_JOB_EXECUTION, DAGMAN_ALLOW_EVENTS) setting: 114
07/28/14 16:51:31 DAGMAN_RETRY_SUBMIT_FIRST setting: True
07/28/14 16:51:31 DAGMAN_RETRY_NODE_FIRST setting: False
07/28/14 16:51:31 DAGMAN_MAX_JOBS_IDLE setting: 0
07/28/14 16:51:31 DAGMAN_MAX_JOBS_SUBMITTED setting: 0
07/28/14 16:51:31 DAGMAN_MAX_PRE_SCRIPTS setting: 0
07/28/14 16:51:31 DAGMAN_MAX_POST_SCRIPTS setting: 0
07/28/14 16:51:31 DAGMAN_ALLOW_LOG_ERROR setting: False
07/28/14 16:51:31 DAGMAN_MUNGE_NODE_NAMES setting: True
07/28/14 16:51:31 DAGMAN_PROHIBIT_MULTI_JOBS setting: False
07/28/14 16:51:31 DAGMAN_SUBMIT_DEPTH_FIRST setting: False
07/28/14 16:51:31 DAGMAN_ALWAYS_RUN_POST setting: True
07/28/14 16:51:31 DAGMAN_ABORT_DUPLICATES setting: True
07/28/14 16:51:31 DAGMAN_ABORT_ON_SCARY_SUBMIT setting: True
07/28/14 16:51:31 DAGMAN_PENDING_REPORT_INTERVAL setting: 600
07/28/14 16:51:31 DAGMAN_AUTO_RESCUE setting: True
07/28/14 16:51:31 DAGMAN_MAX_RESCUE_NUM setting: 100
07/28/14 16:51:31 DAGMAN_WRITE_PARTIAL_RESCUE setting: True
07/28/14 16:51:31 DAGMAN_DEFAULT_NODE_LOG setting: null
07/28/14 16:51:31 DAGMAN_GENERATE_SUBDAG_SUBMITS setting: True
07/28/14 16:51:31 DAGMAN_MAX_JOB_HOLDS setting: 100
07/28/14 16:51:31 DAGMAN_HOLD_CLAIM_TIME setting: 20
07/28/14 16:51:31 ALL_DEBUG setting: 
07/28/14 16:51:31 DAGMAN_DEBUG setting: 
07/28/14 16:51:31 argv[0] == "condor_scheduniv_exec.896558.0"
07/28/14 16:51:31 argv[1] == "-Lockfile"
07/28/14 16:51:31 argv[2] == "graph.dag.lock"
07/28/14 16:51:31 argv[3] == "-AutoRescue"
07/28/14 16:51:31 argv[4] == "1"
07/28/14 16:51:31 argv[5] == "-DoRescueFrom"
07/28/14 16:51:31 argv[6] == "0"
07/28/14 16:51:31 argv[7] == "-Dag"
07/28/14 16:51:31 argv[8] == "graph.dag"
07/28/14 16:51:31 argv[9] == "-Suppress_notification"
07/28/14 16:51:31 argv[10] == "-CsdVersion"
07/28/14 16:51:31 argv[11] == "$CondorVersion: 8.0.2 Aug 26 2013 $"
07/28/14 16:51:31 argv[12] == "-Dagman"
07/28/14 16:51:31 argv[13] == "/usr/bin/condor_dagman"
07/28/14 16:51:31 Default node log file is: </home/kaschan/compositions/graph.dag.nodes.log>
07/28/14 16:51:31 DAG Lockfile will be written to graph.dag.lock
07/28/14 16:51:31 DAG Input file is graph.dag
07/28/14 16:51:31 Ignoring value of DAGMAN_LOG_ON_NFS_IS_ERROR.
07/28/14 16:51:31 Parsing 1 dagfiles
07/28/14 16:51:31 Parsing graph.dag ...
07/28/14 16:51:31 Dag contains 4 total jobs
07/28/14 16:51:31 Sleeping for 12 seconds to ensure ProcessId uniqueness
07/28/14 16:51:43 Bootstrapping...
07/28/14 16:51:43 Number of pre-completed nodes: 0
07/28/14 16:51:43 Of 4 nodes total:
07/28/14 16:51:43  Done     Pre   Queued    Post   Ready   Un-Ready   Failed
07/28/14 16:51:43   ===     ===      ===     ===     ===        ===      ===
07/28/14 16:51:43     0       0        0       0       1          3        0
07/28/14 16:51:43 0 job proc(s) currently held
07/28/14 16:51:43 Registering condor_event_timer...
07/28/14 16:51:44 MultiLogFiles: truncating log file /home/kaschan/compositions/graph.dag.nodes.log
07/28/14 16:51:44 Submitting Condor Node A job(s)...
07/28/14 16:51:44 Adding a DAGMan auxiliary log /home/kaschan/compositions/graph.dag.nodes.log
07/28/14 16:51:44 Masking the events recorded in the DAGMAN auxiliary log
07/28/14 16:51:44 Mask for auxiliary log is 0,1,2,4,5,7,9,10,11,12,13,16,17,24,27
07/28/14 16:51:44 submitting: condor_submit -a dag_node_name' '=' 'A -a +DAGManJobId' '=' '896558 -a DAGManJobId' '=' '896558 -a submit_event_notes' '=' 'DAG' 'Node:' 'A -a dagman_log' '=' '/home/kaschan/compositions/graph.dag.nodes.log -a +DAGManNodesMask' '=' '"0,1,2,4,5,7,9,10,11,12,13,16,17,24,27" -a DAG_STATUS' '=' '0 -a FAILED_COUNT' '=' '0 -a +DAGParentNodeNames' '=' '"" -a +KeepClaimIdle' '=' '20 -a notification' '=' 'never A.submit
07/28/14 16:51:44 From submit: Submitting job(s).
07/28/14 16:51:44 From submit: 1 job(s) submitted to cluster 896559.
07/28/14 16:51:44 	assigned Condor ID (896559.0.0)
07/28/14 16:51:44 Just submitted 1 job this cycle...
07/28/14 16:51:44 Currently monitoring 1 Condor log file(s)
07/28/14 16:51:44 Reassigning the id of job A from (896559.0.0) to (896559.0.0)
07/28/14 16:51:44 Event: ULOG_SUBMIT for Condor Node A (896559.0.0)
07/28/14 16:51:44 Number of idle job procs: 1
07/28/14 16:51:44 Of 4 nodes total:
07/28/14 16:51:44  Done     Pre   Queued    Post   Ready   Un-Ready   Failed
07/28/14 16:51:44   ===     ===      ===     ===     ===        ===      ===
07/28/14 16:51:44     0       0        1       0       0          3        0
07/28/14 16:51:44 0 job proc(s) currently held
07/28/14 16:53:19 Currently monitoring 1 Condor log file(s)
07/28/14 16:53:19 Event: ULOG_EXECUTE for Condor Node A (896559.0.0)
07/28/14 16:53:19 Number of idle job procs: 0
07/28/14 16:53:29 Currently monitoring 1 Condor log file(s)
07/28/14 16:53:29 Event: ULOG_JOB_TERMINATED for Condor Node A (896559.0.0)
07/28/14 16:53:29 Number of idle job procs: 0
07/28/14 16:53:29 Node A job proc (896559.0.0) completed successfully.
07/28/14 16:53:29 Node A job completed
07/28/14 16:53:29 Of 4 nodes total:
07/28/14 16:53:29  Done     Pre   Queued    Post   Ready   Un-Ready   Failed
07/28/14 16:53:29   ===     ===      ===     ===     ===        ===      ===
07/28/14 16:53:29     1       0        0       0       2          1        0
07/28/14 16:53:29 0 job proc(s) currently held
07/28/14 16:53:34 Submitting Condor Node B job(s)...
07/28/14 16:53:34 Adding a DAGMan auxiliary log /home/kaschan/compositions/graph.dag.nodes.log
07/28/14 16:53:34 Masking the events recorded in the DAGMAN auxiliary log
07/28/14 16:53:34 Mask for auxiliary log is 0,1,2,4,5,7,9,10,11,12,13,16,17,24,27
07/28/14 16:53:34 submitting: condor_submit -a dag_node_name' '=' 'B -a +DAGManJobId' '=' '896558 -a DAGManJobId' '=' '896558 -a submit_event_notes' '=' 'DAG' 'Node:' 'B -a dagman_log' '=' '/home/kaschan/compositions/graph.dag.nodes.log -a +DAGManNodesMask' '=' '"0,1,2,4,5,7,9,10,11,12,13,16,17,24,27" -a DAG_STATUS' '=' '0 -a FAILED_COUNT' '=' '0 -a +DAGParentNodeNames' '=' '"A" -a +KeepClaimIdle' '=' '20 -a notification' '=' 'never B.submit
07/28/14 16:53:35 From submit: Submitting job(s).
07/28/14 16:53:35 From submit: 1 job(s) submitted to cluster 896560.
07/28/14 16:53:35 	assigned Condor ID (896560.0.0)
07/28/14 16:53:35 Submitting Condor Node C job(s)...
07/28/14 16:53:35 Adding a DAGMan auxiliary log /home/kaschan/compositions/graph.dag.nodes.log
07/28/14 16:53:35 Masking the events recorded in the DAGMAN auxiliary log
07/28/14 16:53:35 Mask for auxiliary log is 0,1,2,4,5,7,9,10,11,12,13,16,17,24,27
07/28/14 16:53:35 submitting: condor_submit -a dag_node_name' '=' 'C -a +DAGManJobId' '=' '896558 -a DAGManJobId' '=' '896558 -a submit_event_notes' '=' 'DAG' 'Node:' 'C -a dagman_log' '=' '/home/kaschan/compositions/graph.dag.nodes.log -a +DAGManNodesMask' '=' '"0,1,2,4,5,7,9,10,11,12,13,16,17,24,27" -a DAG_STATUS' '=' '0 -a FAILED_COUNT' '=' '0 -a +DAGParentNodeNames' '=' '"A" -a +KeepClaimIdle' '=' '20 -a notification' '=' 'never C.submit
07/28/14 16:53:35 From submit: Submitting job(s).
07/28/14 16:53:35 From submit: 1 job(s) submitted to cluster 896561.
07/28/14 16:53:35 	assigned Condor ID (896561.0.0)
07/28/14 16:53:35 Just submitted 2 jobs this cycle...
07/28/14 16:53:35 Currently monitoring 1 Condor log file(s)
07/28/14 16:53:35 Reassigning the id of job B from (896560.0.0) to (896560.0.0)
07/28/14 16:53:35 Event: ULOG_SUBMIT for Condor Node B (896560.0.0)
07/28/14 16:53:35 Number of idle job procs: 1
07/28/14 16:53:35 Reassigning the id of job C from (896561.0.0) to (896561.0.0)
07/28/14 16:53:35 Event: ULOG_SUBMIT for Condor Node C (896561.0.0)
07/28/14 16:53:35 Number of idle job procs: 2
07/28/14 16:53:35 Of 4 nodes total:
07/28/14 16:53:35  Done     Pre   Queued    Post   Ready   Un-Ready   Failed
07/28/14 16:53:35   ===     ===      ===     ===     ===        ===      ===
07/28/14 16:53:35     1       0        2       0       0          1        0
07/28/14 16:53:35 0 job proc(s) currently held
07/28/14 16:53:50 Currently monitoring 1 Condor log file(s)
07/28/14 16:53:50 Event: ULOG_EXECUTE for Condor Node B (896560.0.0)
07/28/14 16:53:50 Number of idle job procs: 1
07/28/14 16:53:55 Currently monitoring 1 Condor log file(s)
07/28/14 16:53:55 Event: ULOG_JOB_TERMINATED for Condor Node B (896560.0.0)
07/28/14 16:53:55 Number of idle job procs: 1
07/28/14 16:53:55 Node B job proc (896560.0.0) completed successfully.
07/28/14 16:53:55 Node B job completed
07/28/14 16:53:55 Of 4 nodes total:
07/28/14 16:53:55  Done     Pre   Queued    Post   Ready   Un-Ready   Failed
07/28/14 16:53:55   ===     ===      ===     ===     ===        ===      ===
07/28/14 16:53:55     2       0        1       0       0          1        0
07/28/14 16:53:55 0 job proc(s) currently held
07/28/14 16:54:10 Currently monitoring 1 Condor log file(s)
07/28/14 16:54:10 Event: ULOG_EXECUTE for Condor Node C (896561.0.0)
07/28/14 16:54:10 Number of idle job procs: 0
07/28/14 16:54:15 Currently monitoring 1 Condor log file(s)
07/28/14 16:54:15 Event: ULOG_JOB_TERMINATED for Condor Node C (896561.0.0)
07/28/14 16:54:15 Number of idle job procs: 0
07/28/14 16:54:15 Node C job proc (896561.0.0) completed successfully.
07/28/14 16:54:15 Node C job completed
07/28/14 16:54:15 Of 4 nodes total:
07/28/14 16:54:15  Done     Pre   Queued    Post   Ready   Un-Ready   Failed
07/28/14 16:54:15   ===     ===      ===     ===     ===        ===      ===
07/28/14 16:54:15     3       0        0       0       1          0        0
07/28/14 16:54:15 0 job proc(s) currently held
07/28/14 16:54:20 Submitting Condor Node D job(s)...
07/28/14 16:54:20 Adding a DAGMan auxiliary log /home/kaschan/compositions/graph.dag.nodes.log
07/28/14 16:54:20 Masking the events recorded in the DAGMAN auxiliary log
07/28/14 16:54:20 Mask for auxiliary log is 0,1,2,4,5,7,9,10,11,12,13,16,17,24,27
07/28/14 16:54:20 submitting: condor_submit -a dag_node_name' '=' 'D -a +DAGManJobId' '=' '896558 -a DAGManJobId' '=' '896558 -a submit_event_notes' '=' 'DAG' 'Node:' 'D -a dagman_log' '=' '/home/kaschan/compositions/graph.dag.nodes.log -a +DAGManNodesMask' '=' '"0,1,2,4,5,7,9,10,11,12,13,16,17,24,27" -a DAG_STATUS' '=' '0 -a FAILED_COUNT' '=' '0 -a +DAGParentNodeNames' '=' '"B,C" -a notification' '=' 'never D.submit
07/28/14 16:54:20 From submit: Submitting job(s).
07/28/14 16:54:20 From submit: 1 job(s) submitted to cluster 896562.
07/28/14 16:54:20 	assigned Condor ID (896562.0.0)
07/28/14 16:54:20 Just submitted 1 job this cycle...
07/28/14 16:54:20 Currently monitoring 1 Condor log file(s)
07/28/14 16:54:20 Reassigning the id of job D from (896562.0.0) to (896562.0.0)
07/28/14 16:54:20 Event: ULOG_SUBMIT for Condor Node D (896562.0.0)
07/28/14 16:54:20 Number of idle job procs: 1
07/28/14 16:54:20 Of 4 nodes total:
07/28/14 16:54:20  Done     Pre   Queued    Post   Ready   Un-Ready   Failed
07/28/14 16:54:20   ===     ===      ===     ===     ===        ===      ===
07/28/14 16:54:20     3       0        1       0       0          0        0
07/28/14 16:54:20 0 job proc(s) currently held
07/28/14 16:54:35 Currently monitoring 1 Condor log file(s)
07/28/14 16:54:35 Event: ULOG_EXECUTE for Condor Node D (896562.0.0)
07/28/14 16:54:35 Number of idle job procs: 0
07/28/14 16:54:40 Currently monitoring 1 Condor log file(s)
07/28/14 16:54:40 Event: ULOG_JOB_TERMINATED for Condor Node D (896562.0.0)
07/28/14 16:54:40 Number of idle job procs: 0
07/28/14 16:54:40 Node D job proc (896562.0.0) completed successfully.
07/28/14 16:54:40 Node D job completed
07/28/14 16:54:40 Of 4 nodes total:
07/28/14 16:54:40  Done     Pre   Queued    Post   Ready   Un-Ready   Failed
07/28/14 16:54:40   ===     ===      ===     ===     ===        ===      ===
07/28/14 16:54:40     4       0        0       0       0          0        0
07/28/14 16:54:40 0 job proc(s) currently held
07/28/14 16:54:40 All jobs Completed!
07/28/14 16:54:40 Note: 0 total job deferrals because of -MaxJobs limit (0)
07/28/14 16:54:40 Note: 0 total job deferrals because of -MaxIdle limit (0)
07/28/14 16:54:40 Note: 0 total job deferrals because of node category throttles
07/28/14 16:54:40 Note: 0 total PRE script deferrals because of -MaxPre limit (0)
07/28/14 16:54:40 Note: 0 total POST script deferrals because of -MaxPost limit (0)
07/28/14 16:54:40 Of 4 nodes total:
07/28/14 16:54:40  Done     Pre   Queued    Post   Ready   Un-Ready   Failed
07/28/14 16:54:40   ===     ===      ===     ===     ===        ===      ===
07/28/14 16:54:40     4       0        0       0       0          0        0
07/28/14 16:54:40 0 job proc(s) currently held
07/28/14 16:54:40 **** condor_scheduniv_exec.896558.0 (condor_DAGMAN) pid 3855 EXITING WITH STATUS 0
