000 (896558.000.000) 07/28 16:51:31 Job submitted from host: <192.170.227.195:58690>
...
001 (896558.000.000) 07/28 16:51:31 Job executing on host: <192.170.227.195:58690>
...
033 (896558.000.000) 07/28 16:51:43 Setting job attribute DAG_NodesTotal to 4
...
033 (896558.000.000) 07/28 16:51:43 Setting job attribute DAG_NodesDone to 0
...
033 (896558.000.000) 07/28 16:51:43 Setting job attribute DAG_NodesPrerun to 0
...
033 (896558.000.000) 07/28 16:51:43 Setting job attribute DAG_NodesQueued to 0
...
033 (896558.000.000) 07/28 16:51:43 Setting job attribute DAG_NodesPostrun to 0
...
033 (896558.000.000) 07/28 16:51:43 Setting job attribute DAG_NodesReady to 1
...
033 (896558.000.000) 07/28 16:51:43 Setting job attribute DAG_NodesFailed to 0
...
033 (896558.000.000) 07/28 16:51:43 Setting job attribute DAG_NodesUnready to 3
...
033 (896558.000.000) 07/28 16:51:43 Setting job attribute DAG_Status to 0
...
033 (896558.000.000) 07/28 16:51:43 Setting job attribute DAG_InRecovery to 0
...
033 (896558.000.000) 07/28 16:51:44 Changing job attribute DAG_NodesTotal from 4 to 4
...
033 (896558.000.000) 07/28 16:51:44 Changing job attribute DAG_NodesDone from 0 to 0
...
033 (896558.000.000) 07/28 16:51:44 Changing job attribute DAG_NodesPrerun from 0 to 0
...
033 (896558.000.000) 07/28 16:51:44 Changing job attribute DAG_NodesQueued from 0 to 1
...
033 (896558.000.000) 07/28 16:51:44 Changing job attribute DAG_NodesPostrun from 0 to 0
...
033 (896558.000.000) 07/28 16:51:44 Changing job attribute DAG_NodesReady from 1 to 0
...
033 (896558.000.000) 07/28 16:51:44 Changing job attribute DAG_NodesFailed from 0 to 0
...
033 (896558.000.000) 07/28 16:51:44 Changing job attribute DAG_NodesUnready from 3 to 3
...
033 (896558.000.000) 07/28 16:51:44 Changing job attribute DAG_Status from 0 to 0
...
033 (896558.000.000) 07/28 16:51:44 Changing job attribute DAG_InRecovery from 0 to 0
...
033 (896558.000.000) 07/28 16:53:29 Changing job attribute DAG_NodesTotal from 4 to 4
...
033 (896558.000.000) 07/28 16:53:29 Changing job attribute DAG_NodesDone from 0 to 1
...
033 (896558.000.000) 07/28 16:53:29 Changing job attribute DAG_NodesPrerun from 0 to 0
...
033 (896558.000.000) 07/28 16:53:29 Changing job attribute DAG_NodesQueued from 1 to 0
...
033 (896558.000.000) 07/28 16:53:29 Changing job attribute DAG_NodesPostrun from 0 to 0
...
033 (896558.000.000) 07/28 16:53:29 Changing job attribute DAG_NodesReady from 0 to 2
...
033 (896558.000.000) 07/28 16:53:29 Changing job attribute DAG_NodesFailed from 0 to 0
...
033 (896558.000.000) 07/28 16:53:29 Changing job attribute DAG_NodesUnready from 3 to 1
...
033 (896558.000.000) 07/28 16:53:29 Changing job attribute DAG_Status from 0 to 0
...
033 (896558.000.000) 07/28 16:53:29 Changing job attribute DAG_InRecovery from 0 to 0
...
033 (896558.000.000) 07/28 16:53:35 Changing job attribute DAG_NodesTotal from 4 to 4
...
033 (896558.000.000) 07/28 16:53:35 Changing job attribute DAG_NodesDone from 1 to 1
...
033 (896558.000.000) 07/28 16:53:35 Changing job attribute DAG_NodesPrerun from 0 to 0
...
033 (896558.000.000) 07/28 16:53:35 Changing job attribute DAG_NodesQueued from 0 to 2
...
033 (896558.000.000) 07/28 16:53:35 Changing job attribute DAG_NodesPostrun from 0 to 0
...
033 (896558.000.000) 07/28 16:53:35 Changing job attribute DAG_NodesReady from 2 to 0
...
033 (896558.000.000) 07/28 16:53:35 Changing job attribute DAG_NodesFailed from 0 to 0
...
033 (896558.000.000) 07/28 16:53:35 Changing job attribute DAG_NodesUnready from 1 to 1
...
033 (896558.000.000) 07/28 16:53:35 Changing job attribute DAG_Status from 0 to 0
...
033 (896558.000.000) 07/28 16:53:35 Changing job attribute DAG_InRecovery from 0 to 0
...
033 (896558.000.000) 07/28 16:53:55 Changing job attribute DAG_NodesTotal from 4 to 4
...
033 (896558.000.000) 07/28 16:53:55 Changing job attribute DAG_NodesDone from 1 to 2
...
033 (896558.000.000) 07/28 16:53:55 Changing job attribute DAG_NodesPrerun from 0 to 0
...
033 (896558.000.000) 07/28 16:53:55 Changing job attribute DAG_NodesQueued from 2 to 1
...
033 (896558.000.000) 07/28 16:53:55 Changing job attribute DAG_NodesPostrun from 0 to 0
...
033 (896558.000.000) 07/28 16:53:55 Changing job attribute DAG_NodesReady from 0 to 0
...
033 (896558.000.000) 07/28 16:53:55 Changing job attribute DAG_NodesFailed from 0 to 0
...
033 (896558.000.000) 07/28 16:53:55 Changing job attribute DAG_NodesUnready from 1 to 1
...
033 (896558.000.000) 07/28 16:53:55 Changing job attribute DAG_Status from 0 to 0
...
033 (896558.000.000) 07/28 16:53:55 Changing job attribute DAG_InRecovery from 0 to 0
...
033 (896558.000.000) 07/28 16:54:15 Changing job attribute DAG_NodesTotal from 4 to 4
...
033 (896558.000.000) 07/28 16:54:15 Changing job attribute DAG_NodesDone from 2 to 3
...
033 (896558.000.000) 07/28 16:54:15 Changing job attribute DAG_NodesPrerun from 0 to 0
...
033 (896558.000.000) 07/28 16:54:15 Changing job attribute DAG_NodesQueued from 1 to 0
...
033 (896558.000.000) 07/28 16:54:15 Changing job attribute DAG_NodesPostrun from 0 to 0
...
033 (896558.000.000) 07/28 16:54:15 Changing job attribute DAG_NodesReady from 0 to 1
...
033 (896558.000.000) 07/28 16:54:15 Changing job attribute DAG_NodesFailed from 0 to 0
...
033 (896558.000.000) 07/28 16:54:15 Changing job attribute DAG_NodesUnready from 1 to 0
...
033 (896558.000.000) 07/28 16:54:15 Changing job attribute DAG_Status from 0 to 0
...
033 (896558.000.000) 07/28 16:54:15 Changing job attribute DAG_InRecovery from 0 to 0
...
033 (896558.000.000) 07/28 16:54:20 Changing job attribute DAG_NodesTotal from 4 to 4
...
033 (896558.000.000) 07/28 16:54:20 Changing job attribute DAG_NodesDone from 3 to 3
...
033 (896558.000.000) 07/28 16:54:20 Changing job attribute DAG_NodesPrerun from 0 to 0
...
033 (896558.000.000) 07/28 16:54:20 Changing job attribute DAG_NodesQueued from 0 to 1
...
033 (896558.000.000) 07/28 16:54:20 Changing job attribute DAG_NodesPostrun from 0 to 0
...
033 (896558.000.000) 07/28 16:54:20 Changing job attribute DAG_NodesReady from 1 to 0
...
033 (896558.000.000) 07/28 16:54:20 Changing job attribute DAG_NodesFailed from 0 to 0
...
033 (896558.000.000) 07/28 16:54:20 Changing job attribute DAG_NodesUnready from 0 to 0
...
033 (896558.000.000) 07/28 16:54:20 Changing job attribute DAG_Status from 0 to 0
...
033 (896558.000.000) 07/28 16:54:20 Changing job attribute DAG_InRecovery from 0 to 0
...
033 (896558.000.000) 07/28 16:54:40 Changing job attribute DAG_NodesTotal from 4 to 4
...
033 (896558.000.000) 07/28 16:54:40 Changing job attribute DAG_NodesDone from 3 to 4
...
033 (896558.000.000) 07/28 16:54:40 Changing job attribute DAG_NodesPrerun from 0 to 0
...
033 (896558.000.000) 07/28 16:54:40 Changing job attribute DAG_NodesQueued from 1 to 0
...
033 (896558.000.000) 07/28 16:54:40 Changing job attribute DAG_NodesPostrun from 0 to 0
...
033 (896558.000.000) 07/28 16:54:40 Changing job attribute DAG_NodesReady from 0 to 0
...
033 (896558.000.000) 07/28 16:54:40 Changing job attribute DAG_NodesFailed from 0 to 0
...
033 (896558.000.000) 07/28 16:54:40 Changing job attribute DAG_NodesUnready from 0 to 0
...
033 (896558.000.000) 07/28 16:54:40 Changing job attribute DAG_Status from 0 to 0
...
033 (896558.000.000) 07/28 16:54:40 Changing job attribute DAG_InRecovery from 0 to 0
...
033 (896558.000.000) 07/28 16:54:40 Changing job attribute DAG_NodesTotal from 4 to 4
...
033 (896558.000.000) 07/28 16:54:40 Changing job attribute DAG_NodesDone from 4 to 4
...
033 (896558.000.000) 07/28 16:54:40 Changing job attribute DAG_NodesPrerun from 0 to 0
...
033 (896558.000.000) 07/28 16:54:40 Changing job attribute DAG_NodesQueued from 0 to 0
...
033 (896558.000.000) 07/28 16:54:40 Changing job attribute DAG_NodesPostrun from 0 to 0
...
033 (896558.000.000) 07/28 16:54:40 Changing job attribute DAG_NodesReady from 0 to 0
...
033 (896558.000.000) 07/28 16:54:40 Changing job attribute DAG_NodesFailed from 0 to 0
...
033 (896558.000.000) 07/28 16:54:40 Changing job attribute DAG_NodesUnready from 0 to 0
...
033 (896558.000.000) 07/28 16:54:40 Changing job attribute DAG_Status from 0 to 0
...
033 (896558.000.000) 07/28 16:54:40 Changing job attribute DAG_InRecovery from 0 to 0
...
005 (896558.000.000) 07/28 16:54:40 Job terminated.
	(1) Normal termination (return value 0)
		Usr 0 00:00:00, Sys 0 00:00:00  -  Run Remote Usage
		Usr 0 00:00:00, Sys 0 00:00:00  -  Run Local Usage
		Usr 0 00:00:00, Sys 0 00:00:00  -  Total Remote Usage
		Usr 0 00:00:00, Sys 0 00:00:00  -  Total Local Usage
	0  -  Run Bytes Sent By Job
	0  -  Run Bytes Received By Job
	0  -  Total Bytes Sent By Job
	0  -  Total Bytes Received By Job
...
