000 (1093080.000.000) 08/25 15:26:52 Job submitted from host: <192.170.227.195:37994>
    DAG Node: B
...
007 (1093080.000.000) 08/25 15:26:58 Shadow exception!
	Error from 1351@LE-016GRM10-S2-its-u12-nfs-20140417: FAILED TO SEND INITIAL KEEP ALIVE TO OUR PARENT <10.0.2.15:39713>
	0  -  Run Bytes Sent By Job
	0  -  Run Bytes Received By Job
...
007 (1093080.000.000) 08/25 15:26:59 Shadow exception!
	Error from 1351@LE-016GRM10-S2-its-u12-nfs-20140417: FAILED TO SEND INITIAL KEEP ALIVE TO OUR PARENT <10.0.2.15:39713>
	0  -  Run Bytes Sent By Job
	0  -  Run Bytes Received By Job
...
007 (1093080.000.000) 08/25 15:27:44 Shadow exception!
	Error from 1792@MAX-CH221-20-D-S7-its-u12-nfs-20140417: FAILED TO SEND INITIAL KEEP ALIVE TO OUR PARENT <10.0.2.15:48919>
	0  -  Run Bytes Sent By Job
	0  -  Run Bytes Received By Job
...
007 (1093080.000.000) 08/25 15:28:43 Shadow exception!
	Error from 1792@MAX-CH221-20-D-S7-its-u12-nfs-20140417: FAILED TO SEND INITIAL KEEP ALIVE TO OUR PARENT <10.0.2.15:48919>
	0  -  Run Bytes Sent By Job
	0  -  Run Bytes Received By Job
...
007 (1093080.000.000) 08/25 15:28:44 Shadow exception!
	Error from 1792@MAX-CH221-20-D-S7-its-u12-nfs-20140417: FAILED TO SEND INITIAL KEEP ALIVE TO OUR PARENT <10.0.2.15:48919>
	0  -  Run Bytes Sent By Job
	0  -  Run Bytes Received By Job
...
007 (1093080.000.000) 08/25 15:29:44 Shadow exception!
	Error from 1792@MAX-CH221-20-D-S7-its-u12-nfs-20140417: FAILED TO SEND INITIAL KEEP ALIVE TO OUR PARENT <10.0.2.15:48919>
	0  -  Run Bytes Sent By Job
	0  -  Run Bytes Received By Job
...
007 (1093080.000.000) 08/25 15:29:44 Shadow exception!
	Error from 1792@MAX-CH221-20-D-S7-its-u12-nfs-20140417: FAILED TO SEND INITIAL KEEP ALIVE TO OUR PARENT <10.0.2.15:48919>
	0  -  Run Bytes Sent By Job
	0  -  Run Bytes Received By Job
...
007 (1093080.000.000) 08/25 15:29:47 Shadow exception!
	Error from 934@LE-20HUNT12-S1-its-u12-nfs-20140417: FAILED TO SEND INITIAL KEEP ALIVE TO OUR PARENT <10.0.2.15:42085>
	0  -  Run Bytes Sent By Job
	0  -  Run Bytes Received By Job
...
007 (1093080.000.000) 08/25 15:30:25 Shadow exception!
	Error from 1792@MAX-CH221-20-D-S7-its-u12-nfs-20140417: FAILED TO SEND INITIAL KEEP ALIVE TO OUR PARENT <10.0.2.15:48919>
	0  -  Run Bytes Sent By Job
	0  -  Run Bytes Received By Job
...
001 (1093080.000.000) 08/25 15:31:04 Job executing on host: <192.41.236.208:37457?CCBID=129.79.53.179:9958#173005&noUDP>
...
006 (1093080.000.000) 08/25 15:31:05 Image size of job updated: 1
	0  -  MemoryUsage of job (MB)
	0  -  ResidentSetSize of job (KB)
...
005 (1093080.000.000) 08/25 15:31:05 Job terminated.
	(1) Normal termination (return value 0)
		Usr 0 00:00:00, Sys 0 00:00:00  -  Run Remote Usage
		Usr 0 00:00:00, Sys 0 00:00:00  -  Run Local Usage
		Usr 0 00:00:00, Sys 0 00:00:00  -  Total Remote Usage
		Usr 0 00:00:00, Sys 0 00:00:00  -  Total Local Usage
	7421  -  Run Bytes Sent By Job
	1108  -  Run Bytes Received By Job
	7421  -  Total Bytes Sent By Job
	1108  -  Total Bytes Received By Job
	Partitionable Resources :    Usage  Request Allocated
	   Cpus                 :                 1         1
	   Disk (KB)            :       23        4 173167208
	   Memory (MB)          :        0        1      2500
...
