000 (1093110.000.000) 08/25 15:31:12 Job submitted from host: <192.170.227.195:37994>
    DAG Node: D
...
001 (1093110.000.000) 08/25 15:31:13 Job executing on host: <192.41.236.208:37457?CCBID=129.79.53.179:9958#173005&noUDP>
...
006 (1093110.000.000) 08/25 15:31:14 Image size of job updated: 1
	0  -  MemoryUsage of job (MB)
	0  -  ResidentSetSize of job (KB)
...
005 (1093110.000.000) 08/25 15:31:15 Job terminated.
	(1) Normal termination (return value 0)
		Usr 0 00:00:00, Sys 0 00:00:00  -  Run Remote Usage
		Usr 0 00:00:00, Sys 0 00:00:00  -  Run Local Usage
		Usr 0 00:00:00, Sys 0 00:00:00  -  Total Remote Usage
		Usr 0 00:00:00, Sys 0 00:00:00  -  Total Local Usage
	7502  -  Run Bytes Sent By Job
	1359  -  Run Bytes Received By Job
	7502  -  Total Bytes Sent By Job
	1359  -  Total Bytes Received By Job
	Partitionable Resources :    Usage  Request Allocated
	   Cpus                 :                 1         1
	   Disk (KB)            :       23        5 173167208
	   Memory (MB)          :        0        1      2500
...
