07/28/14 17:06:21 ******************************************************
07/28/14 17:06:21 ** condor_scheduniv_exec.896765.0 (CONDOR_DAGMAN) STARTING UP
07/28/14 17:06:21 ** /usr/bin/condor_dagman
07/28/14 17:06:21 ** SubsystemInfo: name=DAGMAN type=DAGMAN(10) class=DAEMON(1)
07/28/14 17:06:21 ** Configuration: subsystem:DAGMAN local:<NONE> class:DAEMON
07/28/14 17:06:21 ** $CondorVersion: 8.0.2 Aug 26 2013 $
07/28/14 17:06:21 ** $CondorPlatform: X86_64-CentOS_6.4 $
07/28/14 17:06:21 ** PID = 388
07/28/14 17:06:21 ** Log last touched time unavailable (No such file or directory)
07/28/14 17:06:21 ******************************************************
07/28/14 17:06:21 Using config source: /etc/condor/condor_config
07/28/14 17:06:21 Using local config sources: 
07/28/14 17:06:21    /etc/condor/config.d/10-base.conf
07/28/14 17:06:21    /etc/condor/config.d/20-daemon.conf
07/28/14 17:06:21    /etc/condor/config.d/30-flocking.conf
07/28/14 17:06:21    /etc/condor/config.d/99-gratia.conf
07/28/14 17:06:21    /etc/condor/config.d/9z_bosco.conf
07/28/14 17:06:21 DaemonCore: command socket at <192.170.227.195:49324>
07/28/14 17:06:21 DaemonCore: private command socket at <192.170.227.195:49324>
07/28/14 17:06:21 DAGMAN_USE_STRICT setting: 1
07/28/14 17:06:21 DAGMAN_VERBOSITY setting: 3
07/28/14 17:06:21 DAGMAN_DEBUG_CACHE_SIZE setting: 5242880
07/28/14 17:06:21 DAGMAN_DEBUG_CACHE_ENABLE setting: False
07/28/14 17:06:21 DAGMAN_SUBMIT_DELAY setting: 0
07/28/14 17:06:21 DAGMAN_MAX_SUBMIT_ATTEMPTS setting: 6
07/28/14 17:06:21 DAGMAN_STARTUP_CYCLE_DETECT setting: False
07/28/14 17:06:21 DAGMAN_MAX_SUBMITS_PER_INTERVAL setting: 5
07/28/14 17:06:21 DAGMAN_USER_LOG_SCAN_INTERVAL setting: 5
07/28/14 17:06:21 DAGMAN_DEFAULT_PRIORITY setting: 0
07/28/14 17:06:21 DAGMAN_ALWAYS_USE_NODE_LOG setting: True
07/28/14 17:06:21 DAGMAN_SUPPRESS_NOTIFICATION setting: True
07/28/14 17:06:21 allow_events (DAGMAN_IGNORE_DUPLICATE_JOB_EXECUTION, DAGMAN_ALLOW_EVENTS) setting: 114
07/28/14 17:06:21 DAGMAN_RETRY_SUBMIT_FIRST setting: True
07/28/14 17:06:21 DAGMAN_RETRY_NODE_FIRST setting: False
07/28/14 17:06:21 DAGMAN_MAX_JOBS_IDLE setting: 0
07/28/14 17:06:21 DAGMAN_MAX_JOBS_SUBMITTED setting: 0
07/28/14 17:06:21 DAGMAN_MAX_PRE_SCRIPTS setting: 0
07/28/14 17:06:21 DAGMAN_MAX_POST_SCRIPTS setting: 0
07/28/14 17:06:21 DAGMAN_ALLOW_LOG_ERROR setting: False
07/28/14 17:06:21 DAGMAN_MUNGE_NODE_NAMES setting: True
07/28/14 17:06:21 DAGMAN_PROHIBIT_MULTI_JOBS setting: False
07/28/14 17:06:21 DAGMAN_SUBMIT_DEPTH_FIRST setting: False
07/28/14 17:06:21 DAGMAN_ALWAYS_RUN_POST setting: True
07/28/14 17:06:21 DAGMAN_ABORT_DUPLICATES setting: True
07/28/14 17:06:21 DAGMAN_ABORT_ON_SCARY_SUBMIT setting: True
07/28/14 17:06:21 DAGMAN_PENDING_REPORT_INTERVAL setting: 600
07/28/14 17:06:21 DAGMAN_AUTO_RESCUE setting: True
07/28/14 17:06:21 DAGMAN_MAX_RESCUE_NUM setting: 100
07/28/14 17:06:21 DAGMAN_WRITE_PARTIAL_RESCUE setting: True
07/28/14 17:06:21 DAGMAN_DEFAULT_NODE_LOG setting: null
07/28/14 17:06:21 DAGMAN_GENERATE_SUBDAG_SUBMITS setting: True
07/28/14 17:06:21 DAGMAN_MAX_JOB_HOLDS setting: 100
07/28/14 17:06:21 DAGMAN_HOLD_CLAIM_TIME setting: 20
07/28/14 17:06:21 ALL_DEBUG setting: 
07/28/14 17:06:21 DAGMAN_DEBUG setting: 
07/28/14 17:06:21 argv[0] == "condor_scheduniv_exec.896765.0"
07/28/14 17:06:21 argv[1] == "-Lockfile"
07/28/14 17:06:21 argv[2] == "graph.dag.lock"
07/28/14 17:06:21 argv[3] == "-AutoRescue"
07/28/14 17:06:21 argv[4] == "1"
07/28/14 17:06:21 argv[5] == "-DoRescueFrom"
07/28/14 17:06:21 argv[6] == "0"
07/28/14 17:06:21 argv[7] == "-Dag"
07/28/14 17:06:21 argv[8] == "graph.dag"
07/28/14 17:06:21 argv[9] == "-Suppress_notification"
07/28/14 17:06:21 argv[10] == "-CsdVersion"
07/28/14 17:06:21 argv[11] == "$CondorVersion: 8.0.2 Aug 26 2013 $"
07/28/14 17:06:21 argv[12] == "-Dagman"
07/28/14 17:06:21 argv[13] == "/usr/bin/condor_dagman"
07/28/14 17:06:21 Default node log file is: </home/kaschan/compositions/graph.dag.nodes.log>
07/28/14 17:06:21 DAG Lockfile will be written to graph.dag.lock
07/28/14 17:06:21 DAG Input file is graph.dag
07/28/14 17:06:21 Ignoring value of DAGMAN_LOG_ON_NFS_IS_ERROR.
07/28/14 17:06:21 Parsing 1 dagfiles
07/28/14 17:06:21 Parsing graph.dag ...
07/28/14 17:06:21 Dag contains 4 total jobs
07/28/14 17:06:21 Sleeping for 12 seconds to ensure ProcessId uniqueness
07/28/14 17:06:33 Bootstrapping...
07/28/14 17:06:33 Number of pre-completed nodes: 0
07/28/14 17:06:33 Of 4 nodes total:
07/28/14 17:06:33  Done     Pre   Queued    Post   Ready   Un-Ready   Failed
07/28/14 17:06:33   ===     ===      ===     ===     ===        ===      ===
07/28/14 17:06:33     0       0        0       0       1          3        0
07/28/14 17:06:33 0 job proc(s) currently held
07/28/14 17:06:33 Registering condor_event_timer...
07/28/14 17:06:34 MultiLogFiles: truncating log file /home/kaschan/compositions/graph.dag.nodes.log
07/28/14 17:06:34 Submitting Condor Node A job(s)...
07/28/14 17:06:34 Adding a DAGMan auxiliary log /home/kaschan/compositions/graph.dag.nodes.log
07/28/14 17:06:34 Masking the events recorded in the DAGMAN auxiliary log
07/28/14 17:06:34 Mask for auxiliary log is 0,1,2,4,5,7,9,10,11,12,13,16,17,24,27
07/28/14 17:06:34 submitting: condor_submit -a dag_node_name' '=' 'A -a +DAGManJobId' '=' '896765 -a DAGManJobId' '=' '896765 -a submit_event_notes' '=' 'DAG' 'Node:' 'A -a dagman_log' '=' '/home/kaschan/compositions/graph.dag.nodes.log -a +DAGManNodesMask' '=' '"0,1,2,4,5,7,9,10,11,12,13,16,17,24,27" -a DAG_STATUS' '=' '0 -a FAILED_COUNT' '=' '0 -a +DAGParentNodeNames' '=' '"" -a +KeepClaimIdle' '=' '20 -a notification' '=' 'never A.submit
07/28/14 17:06:35 From submit: Submitting job(s).
07/28/14 17:06:35 From submit: 1 job(s) submitted to cluster 896766.
07/28/14 17:06:35 	assigned Condor ID (896766.0.0)
07/28/14 17:06:35 Just submitted 1 job this cycle...
07/28/14 17:06:35 Currently monitoring 1 Condor log file(s)
07/28/14 17:06:35 Reassigning the id of job A from (896766.0.0) to (896766.0.0)
07/28/14 17:06:35 Event: ULOG_SUBMIT for Condor Node A (896766.0.0)
07/28/14 17:06:35 Number of idle job procs: 1
07/28/14 17:06:35 Of 4 nodes total:
07/28/14 17:06:35  Done     Pre   Queued    Post   Ready   Un-Ready   Failed
07/28/14 17:06:35   ===     ===      ===     ===     ===        ===      ===
07/28/14 17:06:35     0       0        1       0       0          3        0
07/28/14 17:06:35 0 job proc(s) currently held
07/28/14 17:07:40 Currently monitoring 1 Condor log file(s)
07/28/14 17:07:40 Event: ULOG_EXECUTE for Condor Node A (896766.0.0)
07/28/14 17:07:40 Number of idle job procs: 0
07/28/14 17:07:50 Currently monitoring 1 Condor log file(s)
07/28/14 17:07:50 Event: ULOG_JOB_TERMINATED for Condor Node A (896766.0.0)
07/28/14 17:07:50 Number of idle job procs: 0
07/28/14 17:07:50 Node A job proc (896766.0.0) completed successfully.
07/28/14 17:07:50 Node A job completed
07/28/14 17:07:50 Of 4 nodes total:
07/28/14 17:07:50  Done     Pre   Queued    Post   Ready   Un-Ready   Failed
07/28/14 17:07:50   ===     ===      ===     ===     ===        ===      ===
07/28/14 17:07:50     1       0        0       0       2          1        0
07/28/14 17:07:50 0 job proc(s) currently held
07/28/14 17:07:55 Submitting Condor Node B job(s)...
07/28/14 17:07:55 Adding a DAGMan auxiliary log /home/kaschan/compositions/graph.dag.nodes.log
07/28/14 17:07:55 Masking the events recorded in the DAGMAN auxiliary log
07/28/14 17:07:55 Mask for auxiliary log is 0,1,2,4,5,7,9,10,11,12,13,16,17,24,27
07/28/14 17:07:55 submitting: condor_submit -a dag_node_name' '=' 'B -a +DAGManJobId' '=' '896765 -a DAGManJobId' '=' '896765 -a submit_event_notes' '=' 'DAG' 'Node:' 'B -a dagman_log' '=' '/home/kaschan/compositions/graph.dag.nodes.log -a +DAGManNodesMask' '=' '"0,1,2,4,5,7,9,10,11,12,13,16,17,24,27" -a DAG_STATUS' '=' '0 -a FAILED_COUNT' '=' '0 -a +DAGParentNodeNames' '=' '"A" -a +KeepClaimIdle' '=' '20 -a notification' '=' 'never B.submit
07/28/14 17:07:55 From submit: Submitting job(s).
07/28/14 17:07:55 From submit: 1 job(s) submitted to cluster 896767.
07/28/14 17:07:55 	assigned Condor ID (896767.0.0)
07/28/14 17:07:55 Submitting Condor Node C job(s)...
07/28/14 17:07:55 Adding a DAGMan auxiliary log /home/kaschan/compositions/graph.dag.nodes.log
07/28/14 17:07:55 Masking the events recorded in the DAGMAN auxiliary log
07/28/14 17:07:55 Mask for auxiliary log is 0,1,2,4,5,7,9,10,11,12,13,16,17,24,27
07/28/14 17:07:55 submitting: condor_submit -a dag_node_name' '=' 'C -a +DAGManJobId' '=' '896765 -a DAGManJobId' '=' '896765 -a submit_event_notes' '=' 'DAG' 'Node:' 'C -a dagman_log' '=' '/home/kaschan/compositions/graph.dag.nodes.log -a +DAGManNodesMask' '=' '"0,1,2,4,5,7,9,10,11,12,13,16,17,24,27" -a DAG_STATUS' '=' '0 -a FAILED_COUNT' '=' '0 -a +DAGParentNodeNames' '=' '"A" -a +KeepClaimIdle' '=' '20 -a notification' '=' 'never C.submit
07/28/14 17:07:55 From submit: Submitting job(s).
07/28/14 17:07:55 From submit: 1 job(s) submitted to cluster 896768.
07/28/14 17:07:55 	assigned Condor ID (896768.0.0)
07/28/14 17:07:55 Just submitted 2 jobs this cycle...
07/28/14 17:07:55 Currently monitoring 1 Condor log file(s)
07/28/14 17:07:55 Reassigning the id of job B from (896767.0.0) to (896767.0.0)
07/28/14 17:07:55 Event: ULOG_SUBMIT for Condor Node B (896767.0.0)
07/28/14 17:07:55 Number of idle job procs: 1
07/28/14 17:07:55 Reassigning the id of job C from (896768.0.0) to (896768.0.0)
07/28/14 17:07:55 Event: ULOG_SUBMIT for Condor Node C (896768.0.0)
07/28/14 17:07:55 Number of idle job procs: 2
07/28/14 17:07:55 Of 4 nodes total:
07/28/14 17:07:55  Done     Pre   Queued    Post   Ready   Un-Ready   Failed
07/28/14 17:07:55   ===     ===      ===     ===     ===        ===      ===
07/28/14 17:07:55     1       0        2       0       0          1        0
07/28/14 17:07:55 0 job proc(s) currently held
07/28/14 17:08:05 Currently monitoring 1 Condor log file(s)
07/28/14 17:08:05 Event: ULOG_EXECUTE for Condor Node B (896767.0.0)
07/28/14 17:08:05 Number of idle job procs: 1
07/28/14 17:08:10 Currently monitoring 1 Condor log file(s)
07/28/14 17:08:10 Event: ULOG_JOB_TERMINATED for Condor Node B (896767.0.0)
07/28/14 17:08:10 Number of idle job procs: 1
07/28/14 17:08:10 Node B job proc (896767.0.0) completed successfully.
07/28/14 17:08:10 Node B job completed
07/28/14 17:08:10 Of 4 nodes total:
07/28/14 17:08:10  Done     Pre   Queued    Post   Ready   Un-Ready   Failed
07/28/14 17:08:10   ===     ===      ===     ===     ===        ===      ===
07/28/14 17:08:10     2       0        1       0       0          1        0
07/28/14 17:08:10 0 job proc(s) currently held
07/28/14 17:08:15 Currently monitoring 1 Condor log file(s)
07/28/14 17:08:15 Event: ULOG_EXECUTE for Condor Node C (896768.0.0)
07/28/14 17:08:15 Number of idle job procs: 0
07/28/14 17:08:25 Currently monitoring 1 Condor log file(s)
07/28/14 17:08:25 Event: ULOG_JOB_TERMINATED for Condor Node C (896768.0.0)
07/28/14 17:08:25 Number of idle job procs: 0
07/28/14 17:08:25 Node C job proc (896768.0.0) completed successfully.
07/28/14 17:08:25 Node C job completed
07/28/14 17:08:25 Of 4 nodes total:
07/28/14 17:08:25  Done     Pre   Queued    Post   Ready   Un-Ready   Failed
07/28/14 17:08:25   ===     ===      ===     ===     ===        ===      ===
07/28/14 17:08:25     3       0        0       0       1          0        0
07/28/14 17:08:25 0 job proc(s) currently held
07/28/14 17:08:30 Submitting Condor Node D job(s)...
07/28/14 17:08:30 Adding a DAGMan auxiliary log /home/kaschan/compositions/graph.dag.nodes.log
07/28/14 17:08:30 Masking the events recorded in the DAGMAN auxiliary log
07/28/14 17:08:30 Mask for auxiliary log is 0,1,2,4,5,7,9,10,11,12,13,16,17,24,27
07/28/14 17:08:30 submitting: condor_submit -a dag_node_name' '=' 'D -a +DAGManJobId' '=' '896765 -a DAGManJobId' '=' '896765 -a submit_event_notes' '=' 'DAG' 'Node:' 'D -a dagman_log' '=' '/home/kaschan/compositions/graph.dag.nodes.log -a +DAGManNodesMask' '=' '"0,1,2,4,5,7,9,10,11,12,13,16,17,24,27" -a DAG_STATUS' '=' '0 -a FAILED_COUNT' '=' '0 -a +DAGParentNodeNames' '=' '"B,C" -a notification' '=' 'never D.submit
07/28/14 17:08:30 From submit: Submitting job(s).
07/28/14 17:08:30 From submit: 1 job(s) submitted to cluster 896769.
07/28/14 17:08:30 	assigned Condor ID (896769.0.0)
07/28/14 17:08:30 Just submitted 1 job this cycle...
07/28/14 17:08:30 Currently monitoring 1 Condor log file(s)
07/28/14 17:08:30 Reassigning the id of job D from (896769.0.0) to (896769.0.0)
07/28/14 17:08:30 Event: ULOG_SUBMIT for Condor Node D (896769.0.0)
07/28/14 17:08:30 Number of idle job procs: 1
07/28/14 17:08:30 Of 4 nodes total:
07/28/14 17:08:30  Done     Pre   Queued    Post   Ready   Un-Ready   Failed
07/28/14 17:08:30   ===     ===      ===     ===     ===        ===      ===
07/28/14 17:08:30     3       0        1       0       0          0        0
07/28/14 17:08:30 0 job proc(s) currently held
07/28/14 17:08:40 Currently monitoring 1 Condor log file(s)
07/28/14 17:08:40 Event: ULOG_EXECUTE for Condor Node D (896769.0.0)
07/28/14 17:08:40 Number of idle job procs: 0
