000 (896766.000.000) 07/28 17:06:35 Job submitted from host: <192.170.227.195:58690>
    DAG Node: A
...
001 (896766.000.000) 07/28 17:07:39 Job executing on host: <10.3.10.85:56038?CCBID=129.79.53.179:9910#158745&noUDP>
...
005 (896766.000.000) 07/28 17:07:45 Job terminated.
	(1) Normal termination (return value 0)
		Usr 0 00:00:00, Sys 0 00:00:00  -  Run Remote Usage
		Usr 0 00:00:00, Sys 0 00:00:00  -  Run Local Usage
		Usr 0 00:00:00, Sys 0 00:00:00  -  Total Remote Usage
		Usr 0 00:00:00, Sys 0 00:00:00  -  Total Local Usage
	6357  -  Run Bytes Sent By Job
	30550064  -  Run Bytes Received By Job
	6357  -  Total Bytes Sent By Job
	30550064  -  Total Bytes Received By Job
	Partitionable Resources :    Usage  Request Allocated
	   Cpus                 :                 1         1
	   Disk (KB)            :    30000    30000 278526176
	   Memory (MB)          :        0        1      3072
...
000 (896767.000.000) 07/28 17:07:55 Job submitted from host: <192.170.227.195:58690>
    DAG Node: B
...
000 (896768.000.000) 07/28 17:07:55 Job submitted from host: <192.170.227.195:58690>
    DAG Node: C
...
001 (896767.000.000) 07/28 17:08:03 Job executing on host: <10.3.10.85:56038?CCBID=129.79.53.179:9910#158745&noUDP>
...
005 (896767.000.000) 07/28 17:08:09 Job terminated.
	(1) Normal termination (return value 0)
		Usr 0 00:00:00, Sys 0 00:00:00  -  Run Remote Usage
		Usr 0 00:00:00, Sys 0 00:00:00  -  Run Local Usage
		Usr 0 00:00:00, Sys 0 00:00:00  -  Total Remote Usage
		Usr 0 00:00:00, Sys 0 00:00:00  -  Total Local Usage
	6357  -  Run Bytes Sent By Job
	30550174  -  Run Bytes Received By Job
	6357  -  Total Bytes Sent By Job
	30550174  -  Total Bytes Received By Job
	Partitionable Resources :    Usage  Request Allocated
	   Cpus                 :                 1         1
	   Disk (KB)            :    30000    30000 278526176
	   Memory (MB)          :        0        1      3072
...
001 (896768.000.000) 07/28 17:08:14 Job executing on host: <10.3.10.85:56038?CCBID=129.79.53.179:9910#158745&noUDP>
...
005 (896768.000.000) 07/28 17:08:20 Job terminated.
	(1) Normal termination (return value 0)
		Usr 0 00:00:00, Sys 0 00:00:00  -  Run Remote Usage
		Usr 0 00:00:00, Sys 0 00:00:00  -  Run Local Usage
		Usr 0 00:00:00, Sys 0 00:00:00  -  Total Remote Usage
		Usr 0 00:00:00, Sys 0 00:00:00  -  Total Local Usage
	6357  -  Run Bytes Sent By Job
	30550158  -  Run Bytes Received By Job
	6357  -  Total Bytes Sent By Job
	30550158  -  Total Bytes Received By Job
	Partitionable Resources :    Usage  Request Allocated
	   Cpus                 :                 1         1
	   Disk (KB)            :    30000    30000 278526176
	   Memory (MB)          :        0        1      3072
...
000 (896769.000.000) 07/28 17:08:30 Job submitted from host: <192.170.227.195:58690>
    DAG Node: D
...
001 (896769.000.000) 07/28 17:08:36 Job executing on host: <10.3.10.85:56038?CCBID=129.79.53.179:9910#158745&noUDP>
...
005 (896769.000.000) 07/28 17:08:41 Job terminated.
	(1) Normal termination (return value 0)
		Usr 0 00:00:00, Sys 0 00:00:00  -  Run Remote Usage
		Usr 0 00:00:00, Sys 0 00:00:00  -  Run Local Usage
		Usr 0 00:00:00, Sys 0 00:00:00  -  Total Remote Usage
		Usr 0 00:00:00, Sys 0 00:00:00  -  Total Local Usage
	6358  -  Run Bytes Sent By Job
	30550372  -  Run Bytes Received By Job
	6358  -  Total Bytes Sent By Job
	30550372  -  Total Bytes Received By Job
	Partitionable Resources :    Usage  Request Allocated
	   Cpus                 :                 1         1
	   Disk (KB)            :    30000    30000 278526176
	   Memory (MB)          :        0        1      3072
...
