000 (896765.000.000) 07/28 17:06:21 Job submitted from host: <192.170.227.195:58690>
...
001 (896765.000.000) 07/28 17:06:21 Job executing on host: <192.170.227.195:58690>
...
033 (896765.000.000) 07/28 17:06:33 Setting job attribute DAG_NodesTotal to 4
...
033 (896765.000.000) 07/28 17:06:33 Setting job attribute DAG_NodesDone to 0
...
033 (896765.000.000) 07/28 17:06:33 Setting job attribute DAG_NodesPrerun to 0
...
033 (896765.000.000) 07/28 17:06:33 Setting job attribute DAG_NodesQueued to 0
...
033 (896765.000.000) 07/28 17:06:33 Setting job attribute DAG_NodesPostrun to 0
...
033 (896765.000.000) 07/28 17:06:33 Setting job attribute DAG_NodesReady to 1
...
033 (896765.000.000) 07/28 17:06:33 Setting job attribute DAG_NodesFailed to 0
...
033 (896765.000.000) 07/28 17:06:33 Setting job attribute DAG_NodesUnready to 3
...
033 (896765.000.000) 07/28 17:06:33 Setting job attribute DAG_Status to 0
...
033 (896765.000.000) 07/28 17:06:33 Setting job attribute DAG_InRecovery to 0
...
033 (896765.000.000) 07/28 17:06:35 Changing job attribute DAG_NodesTotal from 4 to 4
...
033 (896765.000.000) 07/28 17:06:35 Changing job attribute DAG_NodesDone from 0 to 0
...
033 (896765.000.000) 07/28 17:06:35 Changing job attribute DAG_NodesPrerun from 0 to 0
...
033 (896765.000.000) 07/28 17:06:35 Changing job attribute DAG_NodesQueued from 0 to 1
...
033 (896765.000.000) 07/28 17:06:35 Changing job attribute DAG_NodesPostrun from 0 to 0
...
033 (896765.000.000) 07/28 17:06:35 Changing job attribute DAG_NodesReady from 1 to 0
...
033 (896765.000.000) 07/28 17:06:35 Changing job attribute DAG_NodesFailed from 0 to 0
...
033 (896765.000.000) 07/28 17:06:35 Changing job attribute DAG_NodesUnready from 3 to 3
...
033 (896765.000.000) 07/28 17:06:35 Changing job attribute DAG_Status from 0 to 0
...
033 (896765.000.000) 07/28 17:06:35 Changing job attribute DAG_InRecovery from 0 to 0
...
033 (896765.000.000) 07/28 17:07:50 Changing job attribute DAG_NodesTotal from 4 to 4
...
033 (896765.000.000) 07/28 17:07:50 Changing job attribute DAG_NodesDone from 0 to 1
...
033 (896765.000.000) 07/28 17:07:50 Changing job attribute DAG_NodesPrerun from 0 to 0
...
033 (896765.000.000) 07/28 17:07:50 Changing job attribute DAG_NodesQueued from 1 to 0
...
033 (896765.000.000) 07/28 17:07:50 Changing job attribute DAG_NodesPostrun from 0 to 0
...
033 (896765.000.000) 07/28 17:07:50 Changing job attribute DAG_NodesReady from 0 to 2
...
033 (896765.000.000) 07/28 17:07:50 Changing job attribute DAG_NodesFailed from 0 to 0
...
033 (896765.000.000) 07/28 17:07:50 Changing job attribute DAG_NodesUnready from 3 to 1
...
033 (896765.000.000) 07/28 17:07:50 Changing job attribute DAG_Status from 0 to 0
...
033 (896765.000.000) 07/28 17:07:50 Changing job attribute DAG_InRecovery from 0 to 0
...
033 (896765.000.000) 07/28 17:07:55 Changing job attribute DAG_NodesTotal from 4 to 4
...
033 (896765.000.000) 07/28 17:07:55 Changing job attribute DAG_NodesDone from 1 to 1
...
033 (896765.000.000) 07/28 17:07:55 Changing job attribute DAG_NodesPrerun from 0 to 0
...
033 (896765.000.000) 07/28 17:07:55 Changing job attribute DAG_NodesQueued from 0 to 2
...
033 (896765.000.000) 07/28 17:07:55 Changing job attribute DAG_NodesPostrun from 0 to 0
...
033 (896765.000.000) 07/28 17:07:55 Changing job attribute DAG_NodesReady from 2 to 0
...
033 (896765.000.000) 07/28 17:07:55 Changing job attribute DAG_NodesFailed from 0 to 0
...
033 (896765.000.000) 07/28 17:07:55 Changing job attribute DAG_NodesUnready from 1 to 1
...
033 (896765.000.000) 07/28 17:07:55 Changing job attribute DAG_Status from 0 to 0
...
033 (896765.000.000) 07/28 17:07:55 Changing job attribute DAG_InRecovery from 0 to 0
...
033 (896765.000.000) 07/28 17:08:10 Changing job attribute DAG_NodesTotal from 4 to 4
...
033 (896765.000.000) 07/28 17:08:10 Changing job attribute DAG_NodesDone from 1 to 2
...
033 (896765.000.000) 07/28 17:08:10 Changing job attribute DAG_NodesPrerun from 0 to 0
...
033 (896765.000.000) 07/28 17:08:10 Changing job attribute DAG_NodesQueued from 2 to 1
...
033 (896765.000.000) 07/28 17:08:10 Changing job attribute DAG_NodesPostrun from 0 to 0
...
033 (896765.000.000) 07/28 17:08:10 Changing job attribute DAG_NodesReady from 0 to 0
...
033 (896765.000.000) 07/28 17:08:10 Changing job attribute DAG_NodesFailed from 0 to 0
...
033 (896765.000.000) 07/28 17:08:10 Changing job attribute DAG_NodesUnready from 1 to 1
...
033 (896765.000.000) 07/28 17:08:10 Changing job attribute DAG_Status from 0 to 0
...
033 (896765.000.000) 07/28 17:08:10 Changing job attribute DAG_InRecovery from 0 to 0
...
033 (896765.000.000) 07/28 17:08:25 Changing job attribute DAG_NodesTotal from 4 to 4
...
033 (896765.000.000) 07/28 17:08:25 Changing job attribute DAG_NodesDone from 2 to 3
...
033 (896765.000.000) 07/28 17:08:25 Changing job attribute DAG_NodesPrerun from 0 to 0
...
033 (896765.000.000) 07/28 17:08:25 Changing job attribute DAG_NodesQueued from 1 to 0
...
033 (896765.000.000) 07/28 17:08:25 Changing job attribute DAG_NodesPostrun from 0 to 0
...
033 (896765.000.000) 07/28 17:08:25 Changing job attribute DAG_NodesReady from 0 to 1
...
033 (896765.000.000) 07/28 17:08:25 Changing job attribute DAG_NodesFailed from 0 to 0
...
033 (896765.000.000) 07/28 17:08:25 Changing job attribute DAG_NodesUnready from 1 to 0
...
033 (896765.000.000) 07/28 17:08:25 Changing job attribute DAG_Status from 0 to 0
...
033 (896765.000.000) 07/28 17:08:25 Changing job attribute DAG_InRecovery from 0 to 0
...
033 (896765.000.000) 07/28 17:08:30 Changing job attribute DAG_NodesTotal from 4 to 4
...
033 (896765.000.000) 07/28 17:08:30 Changing job attribute DAG_NodesDone from 3 to 3
...
033 (896765.000.000) 07/28 17:08:30 Changing job attribute DAG_NodesPrerun from 0 to 0
...
033 (896765.000.000) 07/28 17:08:30 Changing job attribute DAG_NodesQueued from 0 to 1
...
033 (896765.000.000) 07/28 17:08:30 Changing job attribute DAG_NodesPostrun from 0 to 0
...
033 (896765.000.000) 07/28 17:08:30 Changing job attribute DAG_NodesReady from 1 to 0
...
033 (896765.000.000) 07/28 17:08:30 Changing job attribute DAG_NodesFailed from 0 to 0
...
033 (896765.000.000) 07/28 17:08:30 Changing job attribute DAG_NodesUnready from 0 to 0
...
033 (896765.000.000) 07/28 17:08:30 Changing job attribute DAG_Status from 0 to 0
...
033 (896765.000.000) 07/28 17:08:30 Changing job attribute DAG_InRecovery from 0 to 0
...
