000 (1093045.000.000) 08/25 15:09:10 Job submitted from host: <192.170.227.195:37994>
    DAG Node: A
...
007 (1093045.000.000) 08/25 15:09:20 Shadow exception!
	Error from 957@LE-SHAW455-3-S4-its-u12-nfs-20140417: FAILED TO SEND INITIAL KEEP ALIVE TO OUR PARENT <10.0.2.15:36154>
	0  -  Run Bytes Sent By Job
	0  -  Run Bytes Received By Job
...
007 (1093045.000.000) 08/25 15:11:20 Shadow exception!
	Error from 957@LE-SHAW455-3-S4-its-u12-nfs-20140417: FAILED TO SEND INITIAL KEEP ALIVE TO OUR PARENT <10.0.2.15:36154>
	0  -  Run Bytes Sent By Job
	0  -  Run Bytes Received By Job
...
007 (1093045.000.000) 08/25 15:12:20 Shadow exception!
	Error from 957@LE-SHAW455-3-S4-its-u12-nfs-20140417: FAILED TO SEND INITIAL KEEP ALIVE TO OUR PARENT <10.0.2.15:36154>
	0  -  Run Bytes Sent By Job
	0  -  Run Bytes Received By Job
...
007 (1093045.000.000) 08/25 15:13:20 Shadow exception!
	Error from 957@LE-SHAW455-3-S4-its-u12-nfs-20140417: FAILED TO SEND INITIAL KEEP ALIVE TO OUR PARENT <10.0.2.15:36154>
	0  -  Run Bytes Sent By Job
	0  -  Run Bytes Received By Job
...
007 (1093045.000.000) 08/25 15:14:19 Shadow exception!
	Error from 957@LE-SHAW455-3-S4-its-u12-nfs-20140417: FAILED TO SEND INITIAL KEEP ALIVE TO OUR PARENT <10.0.2.15:36154>
	0  -  Run Bytes Sent By Job
	0  -  Run Bytes Received By Job
...
007 (1093045.000.000) 08/25 15:15:18 Shadow exception!
	Error from 957@LE-SHAW455-3-S4-its-u12-nfs-20140417: FAILED TO SEND INITIAL KEEP ALIVE TO OUR PARENT <10.0.2.15:36154>
	0  -  Run Bytes Sent By Job
	0  -  Run Bytes Received By Job
...
007 (1093045.000.000) 08/25 15:15:18 Shadow exception!
	Error from 957@LE-SHAW455-3-S4-its-u12-nfs-20140417: FAILED TO SEND INITIAL KEEP ALIVE TO OUR PARENT <10.0.2.15:36154>
	0  -  Run Bytes Sent By Job
	0  -  Run Bytes Received By Job
...
007 (1093045.000.000) 08/25 15:16:18 Shadow exception!
	Error from 957@LE-SHAW455-3-S4-its-u12-nfs-20140417: FAILED TO SEND INITIAL KEEP ALIVE TO OUR PARENT <10.0.2.15:36154>
	0  -  Run Bytes Sent By Job
	0  -  Run Bytes Received By Job
...
001 (1093045.000.000) 08/25 15:17:17 Job executing on host: <129.74.128.22:59439?CCBID=129.79.53.179:9848#173460&noUDP>
...
006 (1093045.000.000) 08/25 15:17:17 Image size of job updated: 1
	0  -  MemoryUsage of job (MB)
	0  -  ResidentSetSize of job (KB)
...
005 (1093045.000.000) 08/25 15:17:18 Job terminated.
	(1) Normal termination (return value 0)
		Usr 0 00:00:00, Sys 0 00:00:00  -  Run Remote Usage
		Usr 0 00:00:00, Sys 0 00:00:00  -  Run Local Usage
		Usr 0 00:00:00, Sys 0 00:00:00  -  Total Remote Usage
		Usr 0 00:00:00, Sys 0 00:00:00  -  Total Local Usage
	2  -  Run Bytes Sent By Job
	7328  -  Run Bytes Received By Job
	2  -  Total Bytes Sent By Job
	7328  -  Total Bytes Received By Job
	Partitionable Resources :    Usage  Request Allocated
	   Cpus                 :                 1         1
	   Disk (KB)            :       22       10 132533304
	   Memory (MB)          :        0        1      2500
...
