000 (1093069.000.000) 08/25 15:17:36 Job submitted from host: <192.170.227.195:37994>
    DAG Node: D
...
001 (1093069.000.000) 08/25 15:17:38 Job executing on host: <129.74.128.22:59439?CCBID=129.79.53.179:9848#173460&noUDP>
...
006 (1093069.000.000) 08/25 15:17:38 Image size of job updated: 1
	0  -  MemoryUsage of job (MB)
	0  -  ResidentSetSize of job (KB)
...
005 (1093069.000.000) 08/25 15:17:38 Job terminated.
	(1) Normal termination (return value 0)
		Usr 0 00:00:00, Sys 0 00:00:00  -  Run Remote Usage
		Usr 0 00:00:00, Sys 0 00:00:00  -  Run Local Usage
		Usr 0 00:00:00, Sys 0 00:00:00  -  Total Remote Usage
		Usr 0 00:00:00, Sys 0 00:00:00  -  Total Local Usage
	3  -  Run Bytes Sent By Job
	7541  -  Run Bytes Received By Job
	3  -  Total Bytes Sent By Job
	7541  -  Total Bytes Received By Job
	Partitionable Resources :    Usage  Request Allocated
	   Cpus                 :                 1         1
	   Disk (KB)            :       22       12 132533304
	   Memory (MB)          :        0        1      2500
...
