000 (896554.000.000) 07/28 16:47:27 Job submitted from host: <192.170.227.195:58690>
    DAG Node: A
...
001 (896554.000.000) 07/28 16:48:37 Job executing on host: <10.3.10.21:33028?CCBID=129.79.53.179:9900#151312&noUDP>
...
005 (896554.000.000) 07/28 16:48:45 Job terminated.
	(1) Normal termination (return value 0)
		Usr 0 00:00:00, Sys 0 00:00:00  -  Run Remote Usage
		Usr 0 00:00:00, Sys 0 00:00:00  -  Run Local Usage
		Usr 0 00:00:00, Sys 0 00:00:00  -  Total Remote Usage
		Usr 0 00:00:00, Sys 0 00:00:00  -  Total Local Usage
	6357  -  Run Bytes Sent By Job
	30550064  -  Run Bytes Received By Job
	6357  -  Total Bytes Sent By Job
	30550064  -  Total Bytes Received By Job
	Partitionable Resources :    Usage  Request Allocated
	   Cpus                 :                 1         1
	   Disk (KB)            :    30000    30000 287846308
	   Memory (MB)          :        0        1      2500
...
000 (896555.000.000) 07/28 16:48:52 Job submitted from host: <192.170.227.195:58690>
    DAG Node: B
...
000 (896556.000.000) 07/28 16:48:53 Job submitted from host: <192.170.227.195:58690>
    DAG Node: C
...
001 (896555.000.000) 07/28 16:48:57 Job executing on host: <10.3.10.21:33028?CCBID=129.79.53.179:9900#151312&noUDP>
...
005 (896555.000.000) 07/28 16:49:03 Job terminated.
	(1) Normal termination (return value 0)
		Usr 0 00:00:00, Sys 0 00:00:00  -  Run Remote Usage
		Usr 0 00:00:00, Sys 0 00:00:00  -  Run Local Usage
		Usr 0 00:00:00, Sys 0 00:00:00  -  Total Remote Usage
		Usr 0 00:00:00, Sys 0 00:00:00  -  Total Local Usage
	6357  -  Run Bytes Sent By Job
	30550174  -  Run Bytes Received By Job
	6357  -  Total Bytes Sent By Job
	30550174  -  Total Bytes Received By Job
	Partitionable Resources :    Usage  Request Allocated
	   Cpus                 :                 1         1
	   Disk (KB)            :    30000    30000 287846308
	   Memory (MB)          :        0        1      2500
...
001 (896556.000.000) 07/28 16:49:08 Job executing on host: <10.3.10.21:33028?CCBID=129.79.53.179:9900#151312&noUDP>
...
005 (896556.000.000) 07/28 16:49:15 Job terminated.
	(1) Normal termination (return value 0)
		Usr 0 00:00:00, Sys 0 00:00:00  -  Run Remote Usage
		Usr 0 00:00:00, Sys 0 00:00:00  -  Run Local Usage
		Usr 0 00:00:00, Sys 0 00:00:00  -  Total Remote Usage
		Usr 0 00:00:00, Sys 0 00:00:00  -  Total Local Usage
	6357  -  Run Bytes Sent By Job
	30550158  -  Run Bytes Received By Job
	6357  -  Total Bytes Sent By Job
	30550158  -  Total Bytes Received By Job
	Partitionable Resources :    Usage  Request Allocated
	   Cpus                 :                 1         1
	   Disk (KB)            :    30000    30000 287846308
	   Memory (MB)          :        0        1      2500
...
000 (896557.000.000) 07/28 16:49:23 Job submitted from host: <192.170.227.195:58690>
    DAG Node: D
...
001 (896557.000.000) 07/28 16:49:27 Job executing on host: <10.3.10.21:33028?CCBID=129.79.53.179:9900#151312&noUDP>
...
005 (896557.000.000) 07/28 16:49:33 Job terminated.
	(1) Normal termination (return value 0)
		Usr 0 00:00:00, Sys 0 00:00:00  -  Run Remote Usage
		Usr 0 00:00:00, Sys 0 00:00:00  -  Run Local Usage
		Usr 0 00:00:00, Sys 0 00:00:00  -  Total Remote Usage
		Usr 0 00:00:00, Sys 0 00:00:00  -  Total Local Usage
	6358  -  Run Bytes Sent By Job
	30550372  -  Run Bytes Received By Job
	6358  -  Total Bytes Sent By Job
	30550372  -  Total Bytes Received By Job
	Partitionable Resources :    Usage  Request Allocated
	   Cpus                 :                 1         1
	   Disk (KB)            :    30000    30000 287846308
	   Memory (MB)          :        0        1      2500
...
