000 (1093044.000.000) 08/25 15:08:57 Job submitted from host: <192.170.227.195:37994>
...
001 (1093044.000.000) 08/25 15:08:57 Job executing on host: <192.170.227.195:37994>
...
033 (1093044.000.000) 08/25 15:09:09 Setting job attribute DAG_NodesTotal to 4
...
033 (1093044.000.000) 08/25 15:09:09 Setting job attribute DAG_NodesDone to 0
...
033 (1093044.000.000) 08/25 15:09:09 Setting job attribute DAG_NodesPrerun to 0
...
033 (1093044.000.000) 08/25 15:09:09 Setting job attribute DAG_NodesQueued to 0
...
033 (1093044.000.000) 08/25 15:09:09 Setting job attribute DAG_NodesPostrun to 0
...
033 (1093044.000.000) 08/25 15:09:09 Setting job attribute DAG_NodesReady to 1
...
033 (1093044.000.000) 08/25 15:09:09 Setting job attribute DAG_NodesFailed to 0
...
033 (1093044.000.000) 08/25 15:09:09 Setting job attribute DAG_NodesUnready to 3
...
033 (1093044.000.000) 08/25 15:09:09 Setting job attribute DAG_Status to 0
...
033 (1093044.000.000) 08/25 15:09:09 Setting job attribute DAG_InRecovery to 0
...
033 (1093044.000.000) 08/25 15:09:10 Changing job attribute DAG_NodesTotal from 4 to 4
...
033 (1093044.000.000) 08/25 15:09:10 Changing job attribute DAG_NodesDone from 0 to 0
...
033 (1093044.000.000) 08/25 15:09:10 Changing job attribute DAG_NodesPrerun from 0 to 0
...
033 (1093044.000.000) 08/25 15:09:10 Changing job attribute DAG_NodesQueued from 0 to 1
...
033 (1093044.000.000) 08/25 15:09:10 Changing job attribute DAG_NodesPostrun from 0 to 0
...
033 (1093044.000.000) 08/25 15:09:10 Changing job attribute DAG_NodesReady from 1 to 0
...
033 (1093044.000.000) 08/25 15:09:10 Changing job attribute DAG_NodesFailed from 0 to 0
...
033 (1093044.000.000) 08/25 15:09:10 Changing job attribute DAG_NodesUnready from 3 to 3
...
033 (1093044.000.000) 08/25 15:09:10 Changing job attribute DAG_Status from 0 to 0
...
033 (1093044.000.000) 08/25 15:09:10 Changing job attribute DAG_InRecovery from 0 to 0
...
033 (1093044.000.000) 08/25 15:17:21 Changing job attribute DAG_NodesTotal from 4 to 4
...
033 (1093044.000.000) 08/25 15:17:21 Changing job attribute DAG_NodesDone from 0 to 1
...
033 (1093044.000.000) 08/25 15:17:21 Changing job attribute DAG_NodesPrerun from 0 to 0
...
033 (1093044.000.000) 08/25 15:17:21 Changing job attribute DAG_NodesQueued from 1 to 0
...
033 (1093044.000.000) 08/25 15:17:21 Changing job attribute DAG_NodesPostrun from 0 to 0
...
033 (1093044.000.000) 08/25 15:17:21 Changing job attribute DAG_NodesReady from 0 to 2
...
033 (1093044.000.000) 08/25 15:17:21 Changing job attribute DAG_NodesFailed from 0 to 0
...
033 (1093044.000.000) 08/25 15:17:21 Changing job attribute DAG_NodesUnready from 3 to 1
...
033 (1093044.000.000) 08/25 15:17:21 Changing job attribute DAG_Status from 0 to 0
...
033 (1093044.000.000) 08/25 15:17:21 Changing job attribute DAG_InRecovery from 0 to 0
...
033 (1093044.000.000) 08/25 15:17:26 Changing job attribute DAG_NodesTotal from 4 to 4
...
033 (1093044.000.000) 08/25 15:17:26 Changing job attribute DAG_NodesDone from 1 to 1
...
033 (1093044.000.000) 08/25 15:17:26 Changing job attribute DAG_NodesPrerun from 0 to 0
...
033 (1093044.000.000) 08/25 15:17:26 Changing job attribute DAG_NodesQueued from 0 to 2
...
033 (1093044.000.000) 08/25 15:17:26 Changing job attribute DAG_NodesPostrun from 0 to 0
...
033 (1093044.000.000) 08/25 15:17:26 Changing job attribute DAG_NodesReady from 2 to 0
...
033 (1093044.000.000) 08/25 15:17:26 Changing job attribute DAG_NodesFailed from 0 to 0
...
033 (1093044.000.000) 08/25 15:17:26 Changing job attribute DAG_NodesUnready from 1 to 1
...
033 (1093044.000.000) 08/25 15:17:26 Changing job attribute DAG_Status from 0 to 0
...
033 (1093044.000.000) 08/25 15:17:26 Changing job attribute DAG_InRecovery from 0 to 0
...
033 (1093044.000.000) 08/25 15:17:31 Changing job attribute DAG_NodesTotal from 4 to 4
...
033 (1093044.000.000) 08/25 15:17:31 Changing job attribute DAG_NodesDone from 1 to 3
...
033 (1093044.000.000) 08/25 15:17:31 Changing job attribute DAG_NodesPrerun from 0 to 0
...
033 (1093044.000.000) 08/25 15:17:31 Changing job attribute DAG_NodesQueued from 2 to 0
...
033 (1093044.000.000) 08/25 15:17:31 Changing job attribute DAG_NodesPostrun from 0 to 0
...
033 (1093044.000.000) 08/25 15:17:31 Changing job attribute DAG_NodesReady from 0 to 1
...
033 (1093044.000.000) 08/25 15:17:31 Changing job attribute DAG_NodesFailed from 0 to 0
...
033 (1093044.000.000) 08/25 15:17:31 Changing job attribute DAG_NodesUnready from 1 to 0
...
033 (1093044.000.000) 08/25 15:17:31 Changing job attribute DAG_Status from 0 to 0
...
033 (1093044.000.000) 08/25 15:17:31 Changing job attribute DAG_InRecovery from 0 to 0
...
033 (1093044.000.000) 08/25 15:17:37 Changing job attribute DAG_NodesTotal from 4 to 4
...
033 (1093044.000.000) 08/25 15:17:37 Changing job attribute DAG_NodesDone from 3 to 3
...
033 (1093044.000.000) 08/25 15:17:37 Changing job attribute DAG_NodesPrerun from 0 to 0
...
033 (1093044.000.000) 08/25 15:17:37 Changing job attribute DAG_NodesQueued from 0 to 1
...
033 (1093044.000.000) 08/25 15:17:37 Changing job attribute DAG_NodesPostrun from 0 to 0
...
033 (1093044.000.000) 08/25 15:17:37 Changing job attribute DAG_NodesReady from 1 to 0
...
033 (1093044.000.000) 08/25 15:17:37 Changing job attribute DAG_NodesFailed from 0 to 0
...
033 (1093044.000.000) 08/25 15:17:37 Changing job attribute DAG_NodesUnready from 0 to 0
...
033 (1093044.000.000) 08/25 15:17:37 Changing job attribute DAG_Status from 0 to 0
...
033 (1093044.000.000) 08/25 15:17:37 Changing job attribute DAG_InRecovery from 0 to 0
...
